<?xml version="1.0" ?>
<!DOCTYPE coverage SYSTEM "http://cobertura.sourceforge.net/xml/coverage-04.dtd">
<coverage lines-valid="87" lines-covered="87" line-rate="1" branches-valid="46" branches-covered="46" branch-rate="1" timestamp="1743590875154" complexity="0" version="0.1">
  <sources>
    <source>D:\Workstation\SE\Project\P2V5_TEST</source>
  </sources>
  <packages>
    <package name="main" line-rate="1" branch-rate="1">
      <classes>
        <class name="SortedLinkedList.js" filename="models\SortedLinkedList.js" line-rate="1" branch-rate="1">
          <methods>
            <method name="(anonymous_0)" hits="65" signature="()V">
              <lines>
                <line number="2" hits="65"/>
              </lines>
            </method>
            <method name="(anonymous_1)" hits="48" signature="()V">
              <lines>
                <line number="9" hits="48"/>
              </lines>
            </method>
            <method name="(anonymous_2)" hits="64" signature="()V">
              <lines>
                <line number="14" hits="64"/>
              </lines>
            </method>
            <method name="(anonymous_3)" hits="60" signature="()V">
              <lines>
                <line number="18" hits="60"/>
              </lines>
            </method>
            <method name="(anonymous_4)" hits="2" signature="()V">
              <lines>
                <line number="38" hits="2"/>
              </lines>
            </method>
            <method name="(anonymous_5)" hits="6" signature="()V">
              <lines>
                <line number="45" hits="6"/>
              </lines>
            </method>
            <method name="(anonymous_6)" hits="8" signature="()V">
              <lines>
                <line number="62" hits="8"/>
              </lines>
            </method>
            <method name="(anonymous_7)" hits="54" signature="()V">
              <lines>
                <line number="81" hits="54"/>
              </lines>
            </method>
          </methods>
          <lines>
            <line number="3" hits="65" branch="false"/>
            <line number="4" hits="65" branch="false"/>
            <line number="10" hits="48" branch="false"/>
            <line number="15" hits="64" branch="true" condition-coverage="100% (2/2)"/>
            <line number="16" hits="64" branch="false"/>
            <line number="18" hits="64" branch="false"/>
            <line number="19" hits="60" branch="true" condition-coverage="100% (2/2)"/>
            <line number="22" hits="64" branch="true" condition-coverage="100% (4/4)"/>
            <line number="23" hits="46" branch="false"/>
            <line number="24" hits="46" branch="false"/>
            <line number="25" hits="46" branch="false"/>
            <line number="28" hits="18" branch="false"/>
            <line number="29" hits="18" branch="true" condition-coverage="100% (2/2)"/>
            <line number="30" hits="1" branch="false"/>
            <line number="33" hits="18" branch="false"/>
            <line number="34" hits="18" branch="false"/>
            <line number="39" hits="2" branch="true" condition-coverage="100% (2/2)"/>
            <line number="40" hits="1" branch="false"/>
            <line number="46" hits="6" branch="true" condition-coverage="100% (2/2)"/>
            <line number="48" hits="4" branch="true" condition-coverage="100% (2/2)"/>
            <line number="49" hits="2" branch="false"/>
            <line number="50" hits="2" branch="false"/>
            <line number="53" hits="2" branch="false"/>
            <line number="54" hits="2" branch="true" condition-coverage="100% (2/2)"/>
            <line number="55" hits="1" branch="false"/>
            <line number="58" hits="2" branch="false"/>
            <line number="63" hits="8" branch="true" condition-coverage="100% (2/2)"/>
            <line number="65" hits="7" branch="true" condition-coverage="100% (2/2)"/>
            <line number="66" hits="3" branch="false"/>
            <line number="67" hits="3" branch="false"/>
            <line number="70" hits="4" branch="false"/>
            <line number="71" hits="4" branch="true" condition-coverage="100% (2/2)"/>
            <line number="72" hits="1" branch="false"/>
            <line number="75" hits="4" branch="true" condition-coverage="100% (2/2)"/>
            <line number="76" hits="2" branch="false"/>
            <line number="82" hits="54" branch="false"/>
            <line number="83" hits="54" branch="false"/>
            <line number="84" hits="54" branch="false"/>
            <line number="85" hits="62" branch="false"/>
            <line number="86" hits="62" branch="false"/>
            <line number="88" hits="54" branch="false"/>
            <line number="92" hits="3" branch="false"/>
          </lines>
        </class>
        <class name="clipModel.js" filename="models\clipModel.js" line-rate="1" branch-rate="1">
          <methods>
            <method name="(anonymous_0)" hits="16" signature="()V">
              <lines>
                <line number="5" hits="16"/>
              </lines>
            </method>
            <method name="(anonymous_1)" hits="21" signature="()V">
              <lines>
                <line number="10" hits="21"/>
              </lines>
            </method>
            <method name="(anonymous_2)" hits="12" signature="()V">
              <lines>
                <line number="15" hits="12"/>
              </lines>
            </method>
            <method name="(anonymous_3)" hits="8" signature="()V">
              <lines>
                <line number="20" hits="8"/>
              </lines>
            </method>
            <method name="(anonymous_4)" hits="10" signature="()V">
              <lines>
                <line number="21" hits="10"/>
              </lines>
            </method>
            <method name="(anonymous_5)" hits="3" signature="()V">
              <lines>
                <line number="25" hits="3"/>
              </lines>
            </method>
            <method name="(anonymous_6)" hits="2" signature="()V">
              <lines>
                <line number="30" hits="2"/>
              </lines>
            </method>
            <method name="(anonymous_7)" hits="2" signature="()V">
              <lines>
                <line number="37" hits="2"/>
              </lines>
            </method>
            <method name="(anonymous_8)" hits="2" signature="()V">
              <lines>
                <line number="42" hits="2"/>
              </lines>
            </method>
            <method name="(anonymous_9)" hits="2" signature="()V">
              <lines>
                <line number="48" hits="2"/>
              </lines>
            </method>
            <method name="(anonymous_10)" hits="1" signature="()V">
              <lines>
                <line number="53" hits="1"/>
              </lines>
            </method>
            <method name="(anonymous_11)" hits="2" signature="()V">
              <lines>
                <line number="59" hits="2"/>
              </lines>
            </method>
            <method name="(anonymous_12)" hits="2" signature="()V">
              <lines>
                <line number="61" hits="2"/>
              </lines>
            </method>
            <method name="(anonymous_13)" hits="1" signature="()V">
              <lines>
                <line number="66" hits="1"/>
              </lines>
            </method>
            <method name="(anonymous_14)" hits="2" signature="()V">
              <lines>
                <line number="71" hits="2"/>
              </lines>
            </method>
            <method name="(anonymous_15)" hits="1" signature="()V">
              <lines>
                <line number="75" hits="1"/>
              </lines>
            </method>
          </methods>
          <lines>
            <line number="1" hits="1" branch="false"/>
            <line number="2" hits="1" branch="false"/>
            <line number="6" hits="16" branch="false"/>
            <line number="11" hits="21" branch="false"/>
            <line number="16" hits="12" branch="false"/>
            <line number="21" hits="10" branch="false"/>
            <line number="26" hits="3" branch="true" condition-coverage="100% (2/2)"/>
            <line number="27" hits="2" branch="true" condition-coverage="100% (2/2)"/>
            <line number="29" hits="1" branch="false"/>
            <line number="31" hits="2" branch="true" condition-coverage="100% (2/2)"/>
            <line number="38" hits="2" branch="false"/>
            <line number="39" hits="2" branch="true" condition-coverage="100% (2/2)"/>
            <line number="40" hits="1" branch="false"/>
            <line number="41" hits="1" branch="false"/>
            <line number="42" hits="2" branch="true" condition-coverage="100% (2/2)"/>
            <line number="49" hits="2" branch="false"/>
            <line number="50" hits="2" branch="true" condition-coverage="100% (2/2)"/>
            <line number="51" hits="1" branch="false"/>
            <line number="52" hits="1" branch="false"/>
            <line number="53" hits="1" branch="true" condition-coverage="100% (2/2)"/>
            <line number="60" hits="2" branch="false"/>
            <line number="61" hits="2" branch="true" condition-coverage="100% (2/2)"/>
            <line number="67" hits="1" branch="false"/>
            <line number="72" hits="2" branch="true" condition-coverage="100% (2/2)"/>
            <line number="73" hits="1" branch="false"/>
            <line number="74" hits="1" branch="false"/>
            <line number="75" hits="1" branch="false"/>
            <line number="80" hits="1" branch="false"/>
          </lines>
        </class>
        <class name="userModel.js" filename="models\userModel.js" line-rate="1" branch-rate="1">
          <methods>
            <method name="(anonymous_0)" hits="7" signature="()V">
              <lines>
                <line number="5" hits="7"/>
              </lines>
            </method>
            <method name="(anonymous_1)" hits="7" signature="()V">
              <lines>
                <line number="10" hits="7"/>
              </lines>
            </method>
            <method name="(anonymous_2)" hits="6" signature="()V">
              <lines>
                <line number="15" hits="6"/>
              </lines>
            </method>
            <method name="(anonymous_3)" hits="2" signature="()V">
              <lines>
                <line number="19" hits="2"/>
              </lines>
            </method>
            <method name="(anonymous_4)" hits="3" signature="()V">
              <lines>
                <line number="21" hits="3"/>
              </lines>
            </method>
            <method name="(anonymous_5)" hits="1" signature="()V">
              <lines>
                <line number="28" hits="1"/>
              </lines>
            </method>
            <method name="(anonymous_6)" hits="2" signature="()V">
              <lines>
                <line number="34" hits="2"/>
              </lines>
            </method>
            <method name="(anonymous_7)" hits="1" signature="()V">
              <lines>
                <line number="39" hits="1"/>
              </lines>
            </method>
          </methods>
          <lines>
            <line number="1" hits="1" branch="false"/>
            <line number="2" hits="1" branch="false"/>
            <line number="6" hits="7" branch="false"/>
            <line number="11" hits="7" branch="false"/>
            <line number="16" hits="6" branch="false"/>
            <line number="20" hits="2" branch="false"/>
            <line number="21" hits="2" branch="false"/>
            <line number="22" hits="3" branch="false"/>
            <line number="24" hits="2" branch="false"/>
            <line number="29" hits="1" branch="false"/>
            <line number="30" hits="1" branch="false"/>
            <line number="35" hits="2" branch="true" condition-coverage="100% (2/2)"/>
            <line number="36" hits="1" branch="false"/>
            <line number="37" hits="1" branch="false"/>
            <line number="38" hits="1" branch="false"/>
            <line number="39" hits="1" branch="false"/>
            <line number="44" hits="1" branch="false"/>
          </lines>
        </class>
      </classes>
    </package>
  </packages>
</coverage>
